[2016-04-30 21:04:35] production.ERROR: exception 'RuntimeException' with message 'No supported encrypter found. The cipher and / or key length are invalid.' in C:\Users\Cesar\Desktop\ProyectoLaravel\biblioteca\proyectoBiblioteca\vendor\laravel\framework\src\Illuminate\Encryption\EncryptionServiceProvider.php:45
Stack trace:
#0 C:\Users\Cesar\Desktop\ProyectoLaravel\biblioteca\proyectoBiblioteca\vendor\laravel\framework\src\Illuminate\Encryption\EncryptionServiceProvider.php(25): Illuminate\Encryption\EncryptionServiceProvider->getEncrypterForKeyAndCipher(NULL, 'AES-256-CBC')
#1 C:\Users\Cesar\Desktop\ProyectoLaravel\biblioteca\proyectoBiblioteca\vendor\laravel\framework\src\Illuminate\Container\Container.php(735): Illuminate\Encryption\EncryptionServiceProvider->Illuminate\Encryption\{closure}(Object(Illuminate\Foundation\Application), Array)
#2 C:\Users\Cesar\Desktop\ProyectoLaravel\biblioteca\proyectoBiblioteca\vendor\laravel\framework\src\Illuminate\Container\Container.php(633): Illuminate\Container\Container->build(Object(Closure), Array)
#3 C:\Users\Cesar\Desktop\ProyectoLaravel\biblioteca\proyectoBiblioteca\vendor\laravel\framework\src\Illuminate\Foundation\Application.php(697): Illuminate\Container\Container->make('encrypter', Array)
#4 C:\Users\Cesar\Desktop\ProyectoLaravel\biblioteca\proyectoBiblioteca\vendor\laravel\framework\src\Illuminate\Container\Container.php(853): Illuminate\Foundation\Application->make('Illuminate\\Cont...')
#5 C:\Users\Cesar\Desktop\ProyectoLaravel\biblioteca\proyectoBiblioteca\vendor\laravel\framework\src\Illuminate\Container\Container.php(808): Illuminate\Container\Container->resolveClass(Object(ReflectionParameter))
#6 C:\Users\Cesar\Desktop\ProyectoLaravel\biblioteca\proyectoBiblioteca\vendor\laravel\framework\src\Illuminate\Container\Container.php(779): Illuminate\Container\Container->getDependencies(Array, Array)
#7 C:\Users\Cesar\Desktop\ProyectoLaravel\biblioteca\proyectoBiblioteca\vendor\laravel\framework\src\Illuminate\Container\Container.php(633): Illuminate\Container\Container->build('gestorBibliotec...', Array)
#8 C:\Users\Cesar\Desktop\ProyectoLaravel\biblioteca\proyectoBiblioteca\vendor\laravel\framework\src\Illuminate\Foundation\Application.php(697): Illuminate\Container\Container->make('gestorBibliotec...', Array)
#9 C:\Users\Cesar\Desktop\ProyectoLaravel\biblioteca\proyectoBiblioteca\vendor\laravel\framework\src\Illuminate\Pipeline\Pipeline.php(126): Illuminate\Foundation\Application->make('gestorBibliotec...')
#10 [internal function]: Illuminate\Pipeline\Pipeline->Illuminate\Pipeline\{closure}(Object(Illuminate\Http\Request))
#11 C:\Users\Cesar\Desktop\ProyectoLaravel\biblioteca\proyectoBiblioteca\vendor\laravel\framework\src\Illuminate\Routing\Pipeline.php(32): call_user_func(Object(Closure), Object(Illuminate\Http\Request))
#12 [internal function]: Illuminate\Routing\Pipeline->Illuminate\Routing\{closure}(Object(Illuminate\Http\Request))
#13 C:\Users\Cesar\Desktop\ProyectoLaravel\biblioteca\proyectoBiblioteca\vendor\laravel\framework\src\Illuminate\Pipeline\Pipeline.php(103): call_user_func(Object(Closure), Object(Illuminate\Http\Request))
#14 C:\Users\Cesar\Desktop\ProyectoLaravel\biblioteca\proyectoBiblioteca\vendor\laravel\framework\src\Illuminate\Routing\Router.php(726): Illuminate\Pipeline\Pipeline->then(Object(Closure))
#15 C:\Users\Cesar\Desktop\ProyectoLaravel\biblioteca\proyectoBiblioteca\vendor\laravel\framework\src\Illuminate\Routing\Router.php(699): Illuminate\Routing\Router->runRouteWithinStack(Object(Illuminate\Routing\Route), Object(Illuminate\Http\Request))
#16 C:\Users\Cesar\Desktop\ProyectoLaravel\biblioteca\proyectoBiblioteca\vendor\laravel\framework\src\Illuminate\Routing\Router.php(675): Illuminate\Routing\Router->dispatchToRoute(Object(Illuminate\Http\Request))
#17 C:\Users\Cesar\Desktop\ProyectoLaravel\biblioteca\proyectoBiblioteca\vendor\laravel\framework\src\Illuminate\Foundation\Http\Kernel.php(246): Illuminate\Routing\Router->dispatch(Object(Illuminate\Http\Request))
#18 [internal function]: Illuminate\Foundation\Http\Kernel->Illuminate\Foundation\Http\{closure}(Object(Illuminate\Http\Request))
#19 C:\Users\Cesar\Desktop\ProyectoLaravel\biblioteca\proyectoBiblioteca\vendor\laravel\framework\src\Illuminate\Routing\Pipeline.php(52): call_user_func(Object(Closure), Object(Illuminate\Http\Request))
#20 C:\Users\Cesar\Desktop\ProyectoLaravel\biblioteca\proyectoBiblioteca\vendor\laravel\framework\src\Illuminate\Foundation\Http\Middleware\CheckForMaintenanceMode.php(44): Illuminate\Routing\Pipeline->Illuminate\Routing\{closure}(Object(Illuminate\Http\Request))
#21 [internal function]: Illuminate\Foundation\Http\Middleware\CheckForMaintenanceMode->handle(Object(Illuminate\Http\Request), Object(Closure))
#22 C:\Users\Cesar\Desktop\ProyectoLaravel\biblioteca\proyectoBiblioteca\vendor\laravel\framework\src\Illuminate\Pipeline\Pipeline.php(136): call_user_func_array(Array, Array)
#23 [internal function]: Illuminate\Pipeline\Pipeline->Illuminate\Pipeline\{closure}(Object(Illuminate\Http\Request))
#24 C:\Users\Cesar\Desktop\ProyectoLaravel\biblioteca\proyectoBiblioteca\vendor\laravel\framework\src\Illuminate\Routing\Pipeline.php(32): call_user_func(Object(Closure), Object(Illuminate\Http\Request))
#25 [internal function]: Illuminate\Routing\Pipeline->Illuminate\Routing\{closure}(Object(Illuminate\Http\Request))
#26 C:\Users\Cesar\Desktop\ProyectoLaravel\biblioteca\proyectoBiblioteca\vendor\laravel\framework\src\Illuminate\Pipeline\Pipeline.php(103): call_user_func(Object(Closure), Object(Illuminate\Http\Request))
#27 C:\Users\Cesar\Desktop\ProyectoLaravel\biblioteca\proyectoBiblioteca\vendor\laravel\framework\src\Illuminate\Foundation\Http\Kernel.php(132): Illuminate\Pipeline\Pipeline->then(Object(Closure))
#28 C:\Users\Cesar\Desktop\ProyectoLaravel\biblioteca\proyectoBiblioteca\vendor\laravel\framework\src\Illuminate\Foundation\Http\Kernel.php(99): Illuminate\Foundation\Http\Kernel->sendRequestThroughRouter(Object(Illuminate\Http\Request))
#29 C:\Users\Cesar\Desktop\ProyectoLaravel\biblioteca\proyectoBiblioteca\public\index.php(54): Illuminate\Foundation\Http\Kernel->handle(Object(Illuminate\Http\Request))
#30 C:\Users\Cesar\Desktop\ProyectoLaravel\biblioteca\proyectoBiblioteca\server.php(21): require_once('C:\\Users\\Cesar\\...')
#31 {main}  
[2016-04-30 21:04:35] production.ERROR: exception 'RuntimeException' with message 'No supported encrypter found. The cipher and / or key length are invalid.' in C:\Users\Cesar\Desktop\ProyectoLaravel\biblioteca\proyectoBiblioteca\vendor\laravel\framework\src\Illuminate\Encryption\EncryptionServiceProvider.php:45
Stack trace:
#0 C:\Users\Cesar\Desktop\ProyectoLaravel\biblioteca\proyectoBiblioteca\vendor\laravel\framework\src\Illuminate\Encryption\EncryptionServiceProvider.php(25): Illuminate\Encryption\EncryptionServiceProvider->getEncrypterForKeyAndCipher(NULL, 'AES-256-CBC')
#1 C:\Users\Cesar\Desktop\ProyectoLaravel\biblioteca\proyectoBiblioteca\vendor\laravel\framework\src\Illuminate\Container\Container.php(735): Illuminate\Encryption\EncryptionServiceProvider->Illuminate\Encryption\{closure}(Object(Illuminate\Foundation\Application), Array)
#2 C:\Users\Cesar\Desktop\ProyectoLaravel\biblioteca\proyectoBiblioteca\vendor\laravel\framework\src\Illuminate\Container\Container.php(633): Illuminate\Container\Container->build(Object(Closure), Array)
#3 C:\Users\Cesar\Desktop\ProyectoLaravel\biblioteca\proyectoBiblioteca\vendor\laravel\framework\src\Illuminate\Foundation\Application.php(697): Illuminate\Container\Container->make('encrypter', Array)
#4 C:\Users\Cesar\Desktop\ProyectoLaravel\biblioteca\proyectoBiblioteca\vendor\laravel\framework\src\Illuminate\Container\Container.php(853): Illuminate\Foundation\Application->make('Illuminate\\Cont...')
#5 C:\Users\Cesar\Desktop\ProyectoLaravel\biblioteca\proyectoBiblioteca\vendor\laravel\framework\src\Illuminate\Container\Container.php(808): Illuminate\Container\Container->resolveClass(Object(ReflectionParameter))
#6 C:\Users\Cesar\Desktop\ProyectoLaravel\biblioteca\proyectoBiblioteca\vendor\laravel\framework\src\Illuminate\Container\Container.php(779): Illuminate\Container\Container->getDependencies(Array, Array)
#7 C:\Users\Cesar\Desktop\ProyectoLaravel\biblioteca\proyectoBiblioteca\vendor\laravel\framework\src\Illuminate\Container\Container.php(633): Illuminate\Container\Container->build('gestorBibliotec...', Array)
#8 C:\Users\Cesar\Desktop\ProyectoLaravel\biblioteca\proyectoBiblioteca\vendor\laravel\framework\src\Illuminate\Foundation\Application.php(697): Illuminate\Container\Container->make('gestorBibliotec...', Array)
#9 C:\Users\Cesar\Desktop\ProyectoLaravel\biblioteca\proyectoBiblioteca\vendor\laravel\framework\src\Illuminate\Foundation\Http\Kernel.php(152): Illuminate\Foundation\Application->make('gestorBibliotec...')
#10 C:\Users\Cesar\Desktop\ProyectoLaravel\biblioteca\proyectoBiblioteca\public\index.php(58): Illuminate\Foundation\Http\Kernel->terminate(Object(Illuminate\Http\Request), Object(Illuminate\Http\Response))
#11 C:\Users\Cesar\Desktop\ProyectoLaravel\biblioteca\proyectoBiblioteca\server.php(21): require_once('C:\\Users\\Cesar\\...')
#12 {main}  
[2016-04-30 21:04:38] production.ERROR: exception 'RuntimeException' with message 'No supported encrypter found. The cipher and / or key length are invalid.' in C:\Users\Cesar\Desktop\ProyectoLaravel\biblioteca\proyectoBiblioteca\vendor\laravel\framework\src\Illuminate\Encryption\EncryptionServiceProvider.php:45
Stack trace:
#0 C:\Users\Cesar\Desktop\ProyectoLaravel\biblioteca\proyectoBiblioteca\vendor\laravel\framework\src\Illuminate\Encryption\EncryptionServiceProvider.php(25): Illuminate\Encryption\EncryptionServiceProvider->getEncrypterForKeyAndCipher(NULL, 'AES-256-CBC')
#1 C:\Users\Cesar\Desktop\ProyectoLaravel\biblioteca\proyectoBiblioteca\vendor\laravel\framework\src\Illuminate\Container\Container.php(735): Illuminate\Encryption\EncryptionServiceProvider->Illuminate\Encryption\{closure}(Object(Illuminate\Foundation\Application), Array)
#2 C:\Users\Cesar\Desktop\ProyectoLaravel\biblioteca\proyectoBiblioteca\vendor\laravel\framework\src\Illuminate\Container\Container.php(633): Illuminate\Container\Container->build(Object(Closure), Array)
#3 C:\Users\Cesar\Desktop\ProyectoLaravel\biblioteca\proyectoBiblioteca\vendor\laravel\framework\src\Illuminate\Foundation\Application.php(697): Illuminate\Container\Container->make('encrypter', Array)
#4 C:\Users\Cesar\Desktop\ProyectoLaravel\biblioteca\proyectoBiblioteca\vendor\laravel\framework\src\Illuminate\Container\Container.php(853): Illuminate\Foundation\Application->make('Illuminate\\Cont...')
#5 C:\Users\Cesar\Desktop\ProyectoLaravel\biblioteca\proyectoBiblioteca\vendor\laravel\framework\src\Illuminate\Container\Container.php(808): Illuminate\Container\Container->resolveClass(Object(ReflectionParameter))
#6 C:\Users\Cesar\Desktop\ProyectoLaravel\biblioteca\proyectoBiblioteca\vendor\laravel\framework\src\Illuminate\Container\Container.php(779): Illuminate\Container\Container->getDependencies(Array, Array)
#7 C:\Users\Cesar\Desktop\ProyectoLaravel\biblioteca\proyectoBiblioteca\vendor\laravel\framework\src\Illuminate\Container\Container.php(633): Illuminate\Container\Container->build('gestorBibliotec...', Array)
#8 C:\Users\Cesar\Desktop\ProyectoLaravel\biblioteca\proyectoBiblioteca\vendor\laravel\framework\src\Illuminate\Foundation\Application.php(697): Illuminate\Container\Container->make('gestorBibliotec...', Array)
#9 C:\Users\Cesar\Desktop\ProyectoLaravel\biblioteca\proyectoBiblioteca\vendor\laravel\framework\src\Illuminate\Pipeline\Pipeline.php(126): Illuminate\Foundation\Application->make('gestorBibliotec...')
#10 [internal function]: Illuminate\Pipeline\Pipeline->Illuminate\Pipeline\{closure}(Object(Illuminate\Http\Request))
#11 C:\Users\Cesar\Desktop\ProyectoLaravel\biblioteca\proyectoBiblioteca\vendor\laravel\framework\src\Illuminate\Routing\Pipeline.php(32): call_user_func(Object(Closure), Object(Illuminate\Http\Request))
#12 [internal function]: Illuminate\Routing\Pipeline->Illuminate\Routing\{closure}(Object(Illuminate\Http\Request))
#13 C:\Users\Cesar\Desktop\ProyectoLaravel\biblioteca\proyectoBiblioteca\vendor\laravel\framework\src\Illuminate\Pipeline\Pipeline.php(103): call_user_func(Object(Closure), Object(Illuminate\Http\Request))
#14 C:\Users\Cesar\Desktop\ProyectoLaravel\biblioteca\proyectoBiblioteca\vendor\laravel\framework\src\Illuminate\Routing\Router.php(726): Illuminate\Pipeline\Pipeline->then(Object(Closure))
#15 C:\Users\Cesar\Desktop\ProyectoLaravel\biblioteca\proyectoBiblioteca\vendor\laravel\framework\src\Illuminate\Routing\Router.php(699): Illuminate\Routing\Router->runRouteWithinStack(Object(Illuminate\Routing\Route), Object(Illuminate\Http\Request))
#16 C:\Users\Cesar\Desktop\ProyectoLaravel\biblioteca\proyectoBiblioteca\vendor\laravel\framework\src\Illuminate\Routing\Router.php(675): Illuminate\Routing\Router->dispatchToRoute(Object(Illuminate\Http\Request))
#17 C:\Users\Cesar\Desktop\ProyectoLaravel\biblioteca\proyectoBiblioteca\vendor\laravel\framework\src\Illuminate\Foundation\Http\Kernel.php(246): Illuminate\Routing\Router->dispatch(Object(Illuminate\Http\Request))
#18 [internal function]: Illuminate\Foundation\Http\Kernel->Illuminate\Foundation\Http\{closure}(Object(Illuminate\Http\Request))
#19 C:\Users\Cesar\Desktop\ProyectoLaravel\biblioteca\proyectoBiblioteca\vendor\laravel\framework\src\Illuminate\Routing\Pipeline.php(52): call_user_func(Object(Closure), Object(Illuminate\Http\Request))
#20 C:\Users\Cesar\Desktop\ProyectoLaravel\biblioteca\proyectoBiblioteca\vendor\laravel\framework\src\Illuminate\Foundation\Http\Middleware\CheckForMaintenanceMode.php(44): Illuminate\Routing\Pipeline->Illuminate\Routing\{closure}(Object(Illuminate\Http\Request))
#21 [internal function]: Illuminate\Foundation\Http\Middleware\CheckForMaintenanceMode->handle(Object(Illuminate\Http\Request), Object(Closure))
#22 C:\Users\Cesar\Desktop\ProyectoLaravel\biblioteca\proyectoBiblioteca\vendor\laravel\framework\src\Illuminate\Pipeline\Pipeline.php(136): call_user_func_array(Array, Array)
#23 [internal function]: Illuminate\Pipeline\Pipeline->Illuminate\Pipeline\{closure}(Object(Illuminate\Http\Request))
#24 C:\Users\Cesar\Desktop\ProyectoLaravel\biblioteca\proyectoBiblioteca\vendor\laravel\framework\src\Illuminate\Routing\Pipeline.php(32): call_user_func(Object(Closure), Object(Illuminate\Http\Request))
#25 [internal function]: Illuminate\Routing\Pipeline->Illuminate\Routing\{closure}(Object(Illuminate\Http\Request))
#26 C:\Users\Cesar\Desktop\ProyectoLaravel\biblioteca\proyectoBiblioteca\vendor\laravel\framework\src\Illuminate\Pipeline\Pipeline.php(103): call_user_func(Object(Closure), Object(Illuminate\Http\Request))
#27 C:\Users\Cesar\Desktop\ProyectoLaravel\biblioteca\proyectoBiblioteca\vendor\laravel\framework\src\Illuminate\Foundation\Http\Kernel.php(132): Illuminate\Pipeline\Pipeline->then(Object(Closure))
#28 C:\Users\Cesar\Desktop\ProyectoLaravel\biblioteca\proyectoBiblioteca\vendor\laravel\framework\src\Illuminate\Foundation\Http\Kernel.php(99): Illuminate\Foundation\Http\Kernel->sendRequestThroughRouter(Object(Illuminate\Http\Request))
#29 C:\Users\Cesar\Desktop\ProyectoLaravel\biblioteca\proyectoBiblioteca\public\index.php(54): Illuminate\Foundation\Http\Kernel->handle(Object(Illuminate\Http\Request))
#30 C:\Users\Cesar\Desktop\ProyectoLaravel\biblioteca\proyectoBiblioteca\server.php(21): require_once('C:\\Users\\Cesar\\...')
#31 {main}  
[2016-04-30 21:04:38] production.ERROR: exception 'RuntimeException' with message 'No supported encrypter found. The cipher and / or key length are invalid.' in C:\Users\Cesar\Desktop\ProyectoLaravel\biblioteca\proyectoBiblioteca\vendor\laravel\framework\src\Illuminate\Encryption\EncryptionServiceProvider.php:45
Stack trace:
#0 C:\Users\Cesar\Desktop\ProyectoLaravel\biblioteca\proyectoBiblioteca\vendor\laravel\framework\src\Illuminate\Encryption\EncryptionServiceProvider.php(25): Illuminate\Encryption\EncryptionServiceProvider->getEncrypterForKeyAndCipher(NULL, 'AES-256-CBC')
#1 C:\Users\Cesar\Desktop\ProyectoLaravel\biblioteca\proyectoBiblioteca\vendor\laravel\framework\src\Illuminate\Container\Container.php(735): Illuminate\Encryption\EncryptionServiceProvider->Illuminate\Encryption\{closure}(Object(Illuminate\Foundation\Application), Array)
#2 C:\Users\Cesar\Desktop\ProyectoLaravel\biblioteca\proyectoBiblioteca\vendor\laravel\framework\src\Illuminate\Container\Container.php(633): Illuminate\Container\Container->build(Object(Closure), Array)
#3 C:\Users\Cesar\Desktop\ProyectoLaravel\biblioteca\proyectoBiblioteca\vendor\laravel\framework\src\Illuminate\Foundation\Application.php(697): Illuminate\Container\Container->make('encrypter', Array)
#4 C:\Users\Cesar\Desktop\ProyectoLaravel\biblioteca\proyectoBiblioteca\vendor\laravel\framework\src\Illuminate\Container\Container.php(853): Illuminate\Foundation\Application->make('Illuminate\\Cont...')
#5 C:\Users\Cesar\Desktop\ProyectoLaravel\biblioteca\proyectoBiblioteca\vendor\laravel\framework\src\Illuminate\Container\Container.php(808): Illuminate\Container\Container->resolveClass(Object(ReflectionParameter))
#6 C:\Users\Cesar\Desktop\ProyectoLaravel\biblioteca\proyectoBiblioteca\vendor\laravel\framework\src\Illuminate\Container\Container.php(779): Illuminate\Container\Container->getDependencies(Array, Array)
#7 C:\Users\Cesar\Desktop\ProyectoLaravel\biblioteca\proyectoBiblioteca\vendor\laravel\framework\src\Illuminate\Container\Container.php(633): Illuminate\Container\Container->build('gestorBibliotec...', Array)
#8 C:\Users\Cesar\Desktop\ProyectoLaravel\biblioteca\proyectoBiblioteca\vendor\laravel\framework\src\Illuminate\Foundation\Application.php(697): Illuminate\Container\Container->make('gestorBibliotec...', Array)
#9 C:\Users\Cesar\Desktop\ProyectoLaravel\biblioteca\proyectoBiblioteca\vendor\laravel\framework\src\Illuminate\Foundation\Http\Kernel.php(152): Illuminate\Foundation\Application->make('gestorBibliotec...')
#10 C:\Users\Cesar\Desktop\ProyectoLaravel\biblioteca\proyectoBiblioteca\public\index.php(58): Illuminate\Foundation\Http\Kernel->terminate(Object(Illuminate\Http\Request), Object(Illuminate\Http\Response))
#11 C:\Users\Cesar\Desktop\ProyectoLaravel\biblioteca\proyectoBiblioteca\server.php(21): require_once('C:\\Users\\Cesar\\...')
#12 {main}  
[2016-04-30 21:05:06] production.ERROR: exception 'RuntimeException' with message 'No supported encrypter found. The cipher and / or key length are invalid.' in C:\Users\Cesar\Desktop\ProyectoLaravel\biblioteca\proyectoBiblioteca\vendor\laravel\framework\src\Illuminate\Encryption\EncryptionServiceProvider.php:45
Stack trace:
#0 C:\Users\Cesar\Desktop\ProyectoLaravel\biblioteca\proyectoBiblioteca\vendor\laravel\framework\src\Illuminate\Encryption\EncryptionServiceProvider.php(25): Illuminate\Encryption\EncryptionServiceProvider->getEncrypterForKeyAndCipher(NULL, 'AES-256-CBC')
#1 C:\Users\Cesar\Desktop\ProyectoLaravel\biblioteca\proyectoBiblioteca\vendor\laravel\framework\src\Illuminate\Container\Container.php(735): Illuminate\Encryption\EncryptionServiceProvider->Illuminate\Encryption\{closure}(Object(Illuminate\Foundation\Application), Array)
#2 C:\Users\Cesar\Desktop\ProyectoLaravel\biblioteca\proyectoBiblioteca\vendor\laravel\framework\src\Illuminate\Container\Container.php(633): Illuminate\Container\Container->build(Object(Closure), Array)
#3 C:\Users\Cesar\Desktop\ProyectoLaravel\biblioteca\proyectoBiblioteca\vendor\laravel\framework\src\Illuminate\Foundation\Application.php(697): Illuminate\Container\Container->make('encrypter', Array)
#4 C:\Users\Cesar\Desktop\ProyectoLaravel\biblioteca\proyectoBiblioteca\vendor\laravel\framework\src\Illuminate\Container\Container.php(853): Illuminate\Foundation\Application->make('Illuminate\\Cont...')
#5 C:\Users\Cesar\Desktop\ProyectoLaravel\biblioteca\proyectoBiblioteca\vendor\laravel\framework\src\Illuminate\Container\Container.php(808): Illuminate\Container\Container->resolveClass(Object(ReflectionParameter))
#6 C:\Users\Cesar\Desktop\ProyectoLaravel\biblioteca\proyectoBiblioteca\vendor\laravel\framework\src\Illuminate\Container\Container.php(779): Illuminate\Container\Container->getDependencies(Array, Array)
#7 C:\Users\Cesar\Desktop\ProyectoLaravel\biblioteca\proyectoBiblioteca\vendor\laravel\framework\src\Illuminate\Container\Container.php(633): Illuminate\Container\Container->build('gestorBibliotec...', Array)
#8 C:\Users\Cesar\Desktop\ProyectoLaravel\biblioteca\proyectoBiblioteca\vendor\laravel\framework\src\Illuminate\Foundation\Application.php(697): Illuminate\Container\Container->make('gestorBibliotec...', Array)
#9 C:\Users\Cesar\Desktop\ProyectoLaravel\biblioteca\proyectoBiblioteca\vendor\laravel\framework\src\Illuminate\Pipeline\Pipeline.php(126): Illuminate\Foundation\Application->make('gestorBibliotec...')
#10 [internal function]: Illuminate\Pipeline\Pipeline->Illuminate\Pipeline\{closure}(Object(Illuminate\Http\Request))
#11 C:\Users\Cesar\Desktop\ProyectoLaravel\biblioteca\proyectoBiblioteca\vendor\laravel\framework\src\Illuminate\Routing\Pipeline.php(32): call_user_func(Object(Closure), Object(Illuminate\Http\Request))
#12 [internal function]: Illuminate\Routing\Pipeline->Illuminate\Routing\{closure}(Object(Illuminate\Http\Request))
#13 C:\Users\Cesar\Desktop\ProyectoLaravel\biblioteca\proyectoBiblioteca\vendor\laravel\framework\src\Illuminate\Pipeline\Pipeline.php(103): call_user_func(Object(Closure), Object(Illuminate\Http\Request))
#14 C:\Users\Cesar\Desktop\ProyectoLaravel\biblioteca\proyectoBiblioteca\vendor\laravel\framework\src\Illuminate\Routing\Router.php(726): Illuminate\Pipeline\Pipeline->then(Object(Closure))
#15 C:\Users\Cesar\Desktop\ProyectoLaravel\biblioteca\proyectoBiblioteca\vendor\laravel\framework\src\Illuminate\Routing\Router.php(699): Illuminate\Routing\Router->runRouteWithinStack(Object(Illuminate\Routing\Route), Object(Illuminate\Http\Request))
#16 C:\Users\Cesar\Desktop\ProyectoLaravel\biblioteca\proyectoBiblioteca\vendor\laravel\framework\src\Illuminate\Routing\Router.php(675): Illuminate\Routing\Router->dispatchToRoute(Object(Illuminate\Http\Request))
#17 C:\Users\Cesar\Desktop\ProyectoLaravel\biblioteca\proyectoBiblioteca\vendor\laravel\framework\src\Illuminate\Foundation\Http\Kernel.php(246): Illuminate\Routing\Router->dispatch(Object(Illuminate\Http\Request))
#18 [internal function]: Illuminate\Foundation\Http\Kernel->Illuminate\Foundation\Http\{closure}(Object(Illuminate\Http\Request))
#19 C:\Users\Cesar\Desktop\ProyectoLaravel\biblioteca\proyectoBiblioteca\vendor\laravel\framework\src\Illuminate\Routing\Pipeline.php(52): call_user_func(Object(Closure), Object(Illuminate\Http\Request))
#20 C:\Users\Cesar\Desktop\ProyectoLaravel\biblioteca\proyectoBiblioteca\vendor\laravel\framework\src\Illuminate\Foundation\Http\Middleware\CheckForMaintenanceMode.php(44): Illuminate\Routing\Pipeline->Illuminate\Routing\{closure}(Object(Illuminate\Http\Request))
#21 [internal function]: Illuminate\Foundation\Http\Middleware\CheckForMaintenanceMode->handle(Object(Illuminate\Http\Request), Object(Closure))
#22 C:\Users\Cesar\Desktop\ProyectoLaravel\biblioteca\proyectoBiblioteca\vendor\laravel\framework\src\Illuminate\Pipeline\Pipeline.php(136): call_user_func_array(Array, Array)
#23 [internal function]: Illuminate\Pipeline\Pipeline->Illuminate\Pipeline\{closure}(Object(Illuminate\Http\Request))
#24 C:\Users\Cesar\Desktop\ProyectoLaravel\biblioteca\proyectoBiblioteca\vendor\laravel\framework\src\Illuminate\Routing\Pipeline.php(32): call_user_func(Object(Closure), Object(Illuminate\Http\Request))
#25 [internal function]: Illuminate\Routing\Pipeline->Illuminate\Routing\{closure}(Object(Illuminate\Http\Request))
#26 C:\Users\Cesar\Desktop\ProyectoLaravel\biblioteca\proyectoBiblioteca\vendor\laravel\framework\src\Illuminate\Pipeline\Pipeline.php(103): call_user_func(Object(Closure), Object(Illuminate\Http\Request))
#27 C:\Users\Cesar\Desktop\ProyectoLaravel\biblioteca\proyectoBiblioteca\vendor\laravel\framework\src\Illuminate\Foundation\Http\Kernel.php(132): Illuminate\Pipeline\Pipeline->then(Object(Closure))
#28 C:\Users\Cesar\Desktop\ProyectoLaravel\biblioteca\proyectoBiblioteca\vendor\laravel\framework\src\Illuminate\Foundation\Http\Kernel.php(99): Illuminate\Foundation\Http\Kernel->sendRequestThroughRouter(Object(Illuminate\Http\Request))
#29 C:\Users\Cesar\Desktop\ProyectoLaravel\biblioteca\proyectoBiblioteca\public\index.php(54): Illuminate\Foundation\Http\Kernel->handle(Object(Illuminate\Http\Request))
#30 C:\Users\Cesar\Desktop\ProyectoLaravel\biblioteca\proyectoBiblioteca\server.php(21): require_once('C:\\Users\\Cesar\\...')
#31 {main}  
[2016-04-30 21:05:06] production.ERROR: exception 'RuntimeException' with message 'No supported encrypter found. The cipher and / or key length are invalid.' in C:\Users\Cesar\Desktop\ProyectoLaravel\biblioteca\proyectoBiblioteca\vendor\laravel\framework\src\Illuminate\Encryption\EncryptionServiceProvider.php:45
Stack trace:
#0 C:\Users\Cesar\Desktop\ProyectoLaravel\biblioteca\proyectoBiblioteca\vendor\laravel\framework\src\Illuminate\Encryption\EncryptionServiceProvider.php(25): Illuminate\Encryption\EncryptionServiceProvider->getEncrypterForKeyAndCipher(NULL, 'AES-256-CBC')
#1 C:\Users\Cesar\Desktop\ProyectoLaravel\biblioteca\proyectoBiblioteca\vendor\laravel\framework\src\Illuminate\Container\Container.php(735): Illuminate\Encryption\EncryptionServiceProvider->Illuminate\Encryption\{closure}(Object(Illuminate\Foundation\Application), Array)
#2 C:\Users\Cesar\Desktop\ProyectoLaravel\biblioteca\proyectoBiblioteca\vendor\laravel\framework\src\Illuminate\Container\Container.php(633): Illuminate\Container\Container->build(Object(Closure), Array)
#3 C:\Users\Cesar\Desktop\ProyectoLaravel\biblioteca\proyectoBiblioteca\vendor\laravel\framework\src\Illuminate\Foundation\Application.php(697): Illuminate\Container\Container->make('encrypter', Array)
#4 C:\Users\Cesar\Desktop\ProyectoLaravel\biblioteca\proyectoBiblioteca\vendor\laravel\framework\src\Illuminate\Container\Container.php(853): Illuminate\Foundation\Application->make('Illuminate\\Cont...')
#5 C:\Users\Cesar\Desktop\ProyectoLaravel\biblioteca\proyectoBiblioteca\vendor\laravel\framework\src\Illuminate\Container\Container.php(808): Illuminate\Container\Container->resolveClass(Object(ReflectionParameter))
#6 C:\Users\Cesar\Desktop\ProyectoLaravel\biblioteca\proyectoBiblioteca\vendor\laravel\framework\src\Illuminate\Container\Container.php(779): Illuminate\Container\Container->getDependencies(Array, Array)
#7 C:\Users\Cesar\Desktop\ProyectoLaravel\biblioteca\proyectoBiblioteca\vendor\laravel\framework\src\Illuminate\Container\Container.php(633): Illuminate\Container\Container->build('gestorBibliotec...', Array)
#8 C:\Users\Cesar\Desktop\ProyectoLaravel\biblioteca\proyectoBiblioteca\vendor\laravel\framework\src\Illuminate\Foundation\Application.php(697): Illuminate\Container\Container->make('gestorBibliotec...', Array)
#9 C:\Users\Cesar\Desktop\ProyectoLaravel\biblioteca\proyectoBiblioteca\vendor\laravel\framework\src\Illuminate\Foundation\Http\Kernel.php(152): Illuminate\Foundation\Application->make('gestorBibliotec...')
#10 C:\Users\Cesar\Desktop\ProyectoLaravel\biblioteca\proyectoBiblioteca\public\index.php(58): Illuminate\Foundation\Http\Kernel->terminate(Object(Illuminate\Http\Request), Object(Illuminate\Http\Response))
#11 C:\Users\Cesar\Desktop\ProyectoLaravel\biblioteca\proyectoBiblioteca\server.php(21): require_once('C:\\Users\\Cesar\\...')
#12 {main}  
[2016-04-30 21:06:05] production.ERROR: exception 'RuntimeException' with message 'No supported encrypter found. The cipher and / or key length are invalid.' in C:\Users\Cesar\Desktop\ProyectoLaravel\biblioteca\proyectoBiblioteca\vendor\laravel\framework\src\Illuminate\Encryption\EncryptionServiceProvider.php:45
Stack trace:
#0 C:\Users\Cesar\Desktop\ProyectoLaravel\biblioteca\proyectoBiblioteca\vendor\laravel\framework\src\Illuminate\Encryption\EncryptionServiceProvider.php(25): Illuminate\Encryption\EncryptionServiceProvider->getEncrypterForKeyAndCipher(NULL, 'AES-256-CBC')
#1 C:\Users\Cesar\Desktop\ProyectoLaravel\biblioteca\proyectoBiblioteca\vendor\laravel\framework\src\Illuminate\Container\Container.php(735): Illuminate\Encryption\EncryptionServiceProvider->Illuminate\Encryption\{closure}(Object(Illuminate\Foundation\Application), Array)
#2 C:\Users\Cesar\Desktop\ProyectoLaravel\biblioteca\proyectoBiblioteca\vendor\laravel\framework\src\Illuminate\Container\Container.php(633): Illuminate\Container\Container->build(Object(Closure), Array)
#3 C:\Users\Cesar\Desktop\ProyectoLaravel\biblioteca\proyectoBiblioteca\vendor\laravel\framework\src\Illuminate\Foundation\Application.php(697): Illuminate\Container\Container->make('encrypter', Array)
#4 C:\Users\Cesar\Desktop\ProyectoLaravel\biblioteca\proyectoBiblioteca\vendor\laravel\framework\src\Illuminate\Container\Container.php(853): Illuminate\Foundation\Application->make('Illuminate\\Cont...')
#5 C:\Users\Cesar\Desktop\ProyectoLaravel\biblioteca\proyectoBiblioteca\vendor\laravel\framework\src\Illuminate\Container\Container.php(808): Illuminate\Container\Container->resolveClass(Object(ReflectionParameter))
#6 C:\Users\Cesar\Desktop\ProyectoLaravel\biblioteca\proyectoBiblioteca\vendor\laravel\framework\src\Illuminate\Container\Container.php(779): Illuminate\Container\Container->getDependencies(Array, Array)
#7 C:\Users\Cesar\Desktop\ProyectoLaravel\biblioteca\proyectoBiblioteca\vendor\laravel\framework\src\Illuminate\Container\Container.php(633): Illuminate\Container\Container->build('gestorBibliotec...', Array)
#8 C:\Users\Cesar\Desktop\ProyectoLaravel\biblioteca\proyectoBiblioteca\vendor\laravel\framework\src\Illuminate\Foundation\Application.php(697): Illuminate\Container\Container->make('gestorBibliotec...', Array)
#9 C:\Users\Cesar\Desktop\ProyectoLaravel\biblioteca\proyectoBiblioteca\vendor\laravel\framework\src\Illuminate\Pipeline\Pipeline.php(126): Illuminate\Foundation\Application->make('gestorBibliotec...')
#10 [internal function]: Illuminate\Pipeline\Pipeline->Illuminate\Pipeline\{closure}(Object(Illuminate\Http\Request))
#11 C:\Users\Cesar\Desktop\ProyectoLaravel\biblioteca\proyectoBiblioteca\vendor\laravel\framework\src\Illuminate\Routing\Pipeline.php(32): call_user_func(Object(Closure), Object(Illuminate\Http\Request))
#12 [internal function]: Illuminate\Routing\Pipeline->Illuminate\Routing\{closure}(Object(Illuminate\Http\Request))
#13 C:\Users\Cesar\Desktop\ProyectoLaravel\biblioteca\proyectoBiblioteca\vendor\laravel\framework\src\Illuminate\Pipeline\Pipeline.php(103): call_user_func(Object(Closure), Object(Illuminate\Http\Request))
#14 C:\Users\Cesar\Desktop\ProyectoLaravel\biblioteca\proyectoBiblioteca\vendor\laravel\framework\src\Illuminate\Routing\Router.php(726): Illuminate\Pipeline\Pipeline->then(Object(Closure))
#15 C:\Users\Cesar\Desktop\ProyectoLaravel\biblioteca\proyectoBiblioteca\vendor\laravel\framework\src\Illuminate\Routing\Router.php(699): Illuminate\Routing\Router->runRouteWithinStack(Object(Illuminate\Routing\Route), Object(Illuminate\Http\Request))
#16 C:\Users\Cesar\Desktop\ProyectoLaravel\biblioteca\proyectoBiblioteca\vendor\laravel\framework\src\Illuminate\Routing\Router.php(675): Illuminate\Routing\Router->dispatchToRoute(Object(Illuminate\Http\Request))
#17 C:\Users\Cesar\Desktop\ProyectoLaravel\biblioteca\proyectoBiblioteca\vendor\laravel\framework\src\Illuminate\Foundation\Http\Kernel.php(246): Illuminate\Routing\Router->dispatch(Object(Illuminate\Http\Request))
#18 [internal function]: Illuminate\Foundation\Http\Kernel->Illuminate\Foundation\Http\{closure}(Object(Illuminate\Http\Request))
#19 C:\Users\Cesar\Desktop\ProyectoLaravel\biblioteca\proyectoBiblioteca\vendor\laravel\framework\src\Illuminate\Routing\Pipeline.php(52): call_user_func(Object(Closure), Object(Illuminate\Http\Request))
#20 C:\Users\Cesar\Desktop\ProyectoLaravel\biblioteca\proyectoBiblioteca\vendor\laravel\framework\src\Illuminate\Foundation\Http\Middleware\CheckForMaintenanceMode.php(44): Illuminate\Routing\Pipeline->Illuminate\Routing\{closure}(Object(Illuminate\Http\Request))
#21 [internal function]: Illuminate\Foundation\Http\Middleware\CheckForMaintenanceMode->handle(Object(Illuminate\Http\Request), Object(Closure))
#22 C:\Users\Cesar\Desktop\ProyectoLaravel\biblioteca\proyectoBiblioteca\vendor\laravel\framework\src\Illuminate\Pipeline\Pipeline.php(136): call_user_func_array(Array, Array)
#23 [internal function]: Illuminate\Pipeline\Pipeline->Illuminate\Pipeline\{closure}(Object(Illuminate\Http\Request))
#24 C:\Users\Cesar\Desktop\ProyectoLaravel\biblioteca\proyectoBiblioteca\vendor\laravel\framework\src\Illuminate\Routing\Pipeline.php(32): call_user_func(Object(Closure), Object(Illuminate\Http\Request))
#25 [internal function]: Illuminate\Routing\Pipeline->Illuminate\Routing\{closure}(Object(Illuminate\Http\Request))
#26 C:\Users\Cesar\Desktop\ProyectoLaravel\biblioteca\proyectoBiblioteca\vendor\laravel\framework\src\Illuminate\Pipeline\Pipeline.php(103): call_user_func(Object(Closure), Object(Illuminate\Http\Request))
#27 C:\Users\Cesar\Desktop\ProyectoLaravel\biblioteca\proyectoBiblioteca\vendor\laravel\framework\src\Illuminate\Foundation\Http\Kernel.php(132): Illuminate\Pipeline\Pipeline->then(Object(Closure))
#28 C:\Users\Cesar\Desktop\ProyectoLaravel\biblioteca\proyectoBiblioteca\vendor\laravel\framework\src\Illuminate\Foundation\Http\Kernel.php(99): Illuminate\Foundation\Http\Kernel->sendRequestThroughRouter(Object(Illuminate\Http\Request))
#29 C:\Users\Cesar\Desktop\ProyectoLaravel\biblioteca\proyectoBiblioteca\public\index.php(54): Illuminate\Foundation\Http\Kernel->handle(Object(Illuminate\Http\Request))
#30 C:\Users\Cesar\Desktop\ProyectoLaravel\biblioteca\proyectoBiblioteca\server.php(21): require_once('C:\\Users\\Cesar\\...')
#31 {main}  
[2016-04-30 21:06:05] production.ERROR: exception 'RuntimeException' with message 'No supported encrypter found. The cipher and / or key length are invalid.' in C:\Users\Cesar\Desktop\ProyectoLaravel\biblioteca\proyectoBiblioteca\vendor\laravel\framework\src\Illuminate\Encryption\EncryptionServiceProvider.php:45
Stack trace:
#0 C:\Users\Cesar\Desktop\ProyectoLaravel\biblioteca\proyectoBiblioteca\vendor\laravel\framework\src\Illuminate\Encryption\EncryptionServiceProvider.php(25): Illuminate\Encryption\EncryptionServiceProvider->getEncrypterForKeyAndCipher(NULL, 'AES-256-CBC')
#1 C:\Users\Cesar\Desktop\ProyectoLaravel\biblioteca\proyectoBiblioteca\vendor\laravel\framework\src\Illuminate\Container\Container.php(735): Illuminate\Encryption\EncryptionServiceProvider->Illuminate\Encryption\{closure}(Object(Illuminate\Foundation\Application), Array)
#2 C:\Users\Cesar\Desktop\ProyectoLaravel\biblioteca\proyectoBiblioteca\vendor\laravel\framework\src\Illuminate\Container\Container.php(633): Illuminate\Container\Container->build(Object(Closure), Array)
#3 C:\Users\Cesar\Desktop\ProyectoLaravel\biblioteca\proyectoBiblioteca\vendor\laravel\framework\src\Illuminate\Foundation\Application.php(697): Illuminate\Container\Container->make('encrypter', Array)
#4 C:\Users\Cesar\Desktop\ProyectoLaravel\biblioteca\proyectoBiblioteca\vendor\laravel\framework\src\Illuminate\Container\Container.php(853): Illuminate\Foundation\Application->make('Illuminate\\Cont...')
#5 C:\Users\Cesar\Desktop\ProyectoLaravel\biblioteca\proyectoBiblioteca\vendor\laravel\framework\src\Illuminate\Container\Container.php(808): Illuminate\Container\Container->resolveClass(Object(ReflectionParameter))
#6 C:\Users\Cesar\Desktop\ProyectoLaravel\biblioteca\proyectoBiblioteca\vendor\laravel\framework\src\Illuminate\Container\Container.php(779): Illuminate\Container\Container->getDependencies(Array, Array)
#7 C:\Users\Cesar\Desktop\ProyectoLaravel\biblioteca\proyectoBiblioteca\vendor\laravel\framework\src\Illuminate\Container\Container.php(633): Illuminate\Container\Container->build('gestorBibliotec...', Array)
#8 C:\Users\Cesar\Desktop\ProyectoLaravel\biblioteca\proyectoBiblioteca\vendor\laravel\framework\src\Illuminate\Foundation\Application.php(697): Illuminate\Container\Container->make('gestorBibliotec...', Array)
#9 C:\Users\Cesar\Desktop\ProyectoLaravel\biblioteca\proyectoBiblioteca\vendor\laravel\framework\src\Illuminate\Foundation\Http\Kernel.php(152): Illuminate\Foundation\Application->make('gestorBibliotec...')
#10 C:\Users\Cesar\Desktop\ProyectoLaravel\biblioteca\proyectoBiblioteca\public\index.php(58): Illuminate\Foundation\Http\Kernel->terminate(Object(Illuminate\Http\Request), Object(Illuminate\Http\Response))
#11 C:\Users\Cesar\Desktop\ProyectoLaravel\biblioteca\proyectoBiblioteca\server.php(21): require_once('C:\\Users\\Cesar\\...')
#12 {main}  
[2016-04-30 21:06:54] production.ERROR: exception 'RuntimeException' with message 'No supported encrypter found. The cipher and / or key length are invalid.' in C:\Users\Cesar\Desktop\ProyectoLaravel\biblioteca\proyectoBiblioteca\vendor\laravel\framework\src\Illuminate\Encryption\EncryptionServiceProvider.php:45
Stack trace:
#0 C:\Users\Cesar\Desktop\ProyectoLaravel\biblioteca\proyectoBiblioteca\vendor\laravel\framework\src\Illuminate\Encryption\EncryptionServiceProvider.php(25): Illuminate\Encryption\EncryptionServiceProvider->getEncrypterForKeyAndCipher(NULL, 'AES-256-CBC')
#1 C:\Users\Cesar\Desktop\ProyectoLaravel\biblioteca\proyectoBiblioteca\vendor\laravel\framework\src\Illuminate\Container\Container.php(735): Illuminate\Encryption\EncryptionServiceProvider->Illuminate\Encryption\{closure}(Object(Illuminate\Foundation\Application), Array)
#2 C:\Users\Cesar\Desktop\ProyectoLaravel\biblioteca\proyectoBiblioteca\vendor\laravel\framework\src\Illuminate\Container\Container.php(633): Illuminate\Container\Container->build(Object(Closure), Array)
#3 C:\Users\Cesar\Desktop\ProyectoLaravel\biblioteca\proyectoBiblioteca\vendor\laravel\framework\src\Illuminate\Foundation\Application.php(697): Illuminate\Container\Container->make('encrypter', Array)
#4 C:\Users\Cesar\Desktop\ProyectoLaravel\biblioteca\proyectoBiblioteca\vendor\laravel\framework\src\Illuminate\Container\Container.php(853): Illuminate\Foundation\Application->make('Illuminate\\Cont...')
#5 C:\Users\Cesar\Desktop\ProyectoLaravel\biblioteca\proyectoBiblioteca\vendor\laravel\framework\src\Illuminate\Container\Container.php(808): Illuminate\Container\Container->resolveClass(Object(ReflectionParameter))
#6 C:\Users\Cesar\Desktop\ProyectoLaravel\biblioteca\proyectoBiblioteca\vendor\laravel\framework\src\Illuminate\Container\Container.php(779): Illuminate\Container\Container->getDependencies(Array, Array)
#7 C:\Users\Cesar\Desktop\ProyectoLaravel\biblioteca\proyectoBiblioteca\vendor\laravel\framework\src\Illuminate\Container\Container.php(633): Illuminate\Container\Container->build('gestorBibliotec...', Array)
#8 C:\Users\Cesar\Desktop\ProyectoLaravel\biblioteca\proyectoBiblioteca\vendor\laravel\framework\src\Illuminate\Foundation\Application.php(697): Illuminate\Container\Container->make('gestorBibliotec...', Array)
#9 C:\Users\Cesar\Desktop\ProyectoLaravel\biblioteca\proyectoBiblioteca\vendor\laravel\framework\src\Illuminate\Pipeline\Pipeline.php(126): Illuminate\Foundation\Application->make('gestorBibliotec...')
#10 [internal function]: Illuminate\Pipeline\Pipeline->Illuminate\Pipeline\{closure}(Object(Illuminate\Http\Request))
#11 C:\Users\Cesar\Desktop\ProyectoLaravel\biblioteca\proyectoBiblioteca\vendor\laravel\framework\src\Illuminate\Routing\Pipeline.php(32): call_user_func(Object(Closure), Object(Illuminate\Http\Request))
#12 [internal function]: Illuminate\Routing\Pipeline->Illuminate\Routing\{closure}(Object(Illuminate\Http\Request))
#13 C:\Users\Cesar\Desktop\ProyectoLaravel\biblioteca\proyectoBiblioteca\vendor\laravel\framework\src\Illuminate\Pipeline\Pipeline.php(103): call_user_func(Object(Closure), Object(Illuminate\Http\Request))
#14 C:\Users\Cesar\Desktop\ProyectoLaravel\biblioteca\proyectoBiblioteca\vendor\laravel\framework\src\Illuminate\Routing\Router.php(726): Illuminate\Pipeline\Pipeline->then(Object(Closure))
#15 C:\Users\Cesar\Desktop\ProyectoLaravel\biblioteca\proyectoBiblioteca\vendor\laravel\framework\src\Illuminate\Routing\Router.php(699): Illuminate\Routing\Router->runRouteWithinStack(Object(Illuminate\Routing\Route), Object(Illuminate\Http\Request))
#16 C:\Users\Cesar\Desktop\ProyectoLaravel\biblioteca\proyectoBiblioteca\vendor\laravel\framework\src\Illuminate\Routing\Router.php(675): Illuminate\Routing\Router->dispatchToRoute(Object(Illuminate\Http\Request))
#17 C:\Users\Cesar\Desktop\ProyectoLaravel\biblioteca\proyectoBiblioteca\vendor\laravel\framework\src\Illuminate\Foundation\Http\Kernel.php(246): Illuminate\Routing\Router->dispatch(Object(Illuminate\Http\Request))
#18 [internal function]: Illuminate\Foundation\Http\Kernel->Illuminate\Foundation\Http\{closure}(Object(Illuminate\Http\Request))
#19 C:\Users\Cesar\Desktop\ProyectoLaravel\biblioteca\proyectoBiblioteca\vendor\laravel\framework\src\Illuminate\Routing\Pipeline.php(52): call_user_func(Object(Closure), Object(Illuminate\Http\Request))
#20 C:\Users\Cesar\Desktop\ProyectoLaravel\biblioteca\proyectoBiblioteca\vendor\laravel\framework\src\Illuminate\Foundation\Http\Middleware\CheckForMaintenanceMode.php(44): Illuminate\Routing\Pipeline->Illuminate\Routing\{closure}(Object(Illuminate\Http\Request))
#21 [internal function]: Illuminate\Foundation\Http\Middleware\CheckForMaintenanceMode->handle(Object(Illuminate\Http\Request), Object(Closure))
#22 C:\Users\Cesar\Desktop\ProyectoLaravel\biblioteca\proyectoBiblioteca\vendor\laravel\framework\src\Illuminate\Pipeline\Pipeline.php(136): call_user_func_array(Array, Array)
#23 [internal function]: Illuminate\Pipeline\Pipeline->Illuminate\Pipeline\{closure}(Object(Illuminate\Http\Request))
#24 C:\Users\Cesar\Desktop\ProyectoLaravel\biblioteca\proyectoBiblioteca\vendor\laravel\framework\src\Illuminate\Routing\Pipeline.php(32): call_user_func(Object(Closure), Object(Illuminate\Http\Request))
#25 [internal function]: Illuminate\Routing\Pipeline->Illuminate\Routing\{closure}(Object(Illuminate\Http\Request))
#26 C:\Users\Cesar\Desktop\ProyectoLaravel\biblioteca\proyectoBiblioteca\vendor\laravel\framework\src\Illuminate\Pipeline\Pipeline.php(103): call_user_func(Object(Closure), Object(Illuminate\Http\Request))
#27 C:\Users\Cesar\Desktop\ProyectoLaravel\biblioteca\proyectoBiblioteca\vendor\laravel\framework\src\Illuminate\Foundation\Http\Kernel.php(132): Illuminate\Pipeline\Pipeline->then(Object(Closure))
#28 C:\Users\Cesar\Desktop\ProyectoLaravel\biblioteca\proyectoBiblioteca\vendor\laravel\framework\src\Illuminate\Foundation\Http\Kernel.php(99): Illuminate\Foundation\Http\Kernel->sendRequestThroughRouter(Object(Illuminate\Http\Request))
#29 C:\Users\Cesar\Desktop\ProyectoLaravel\biblioteca\proyectoBiblioteca\public\index.php(54): Illuminate\Foundation\Http\Kernel->handle(Object(Illuminate\Http\Request))
#30 C:\Users\Cesar\Desktop\ProyectoLaravel\biblioteca\proyectoBiblioteca\server.php(21): require_once('C:\\Users\\Cesar\\...')
#31 {main}  
[2016-04-30 21:06:54] production.ERROR: exception 'RuntimeException' with message 'No supported encrypter found. The cipher and / or key length are invalid.' in C:\Users\Cesar\Desktop\ProyectoLaravel\biblioteca\proyectoBiblioteca\vendor\laravel\framework\src\Illuminate\Encryption\EncryptionServiceProvider.php:45
Stack trace:
#0 C:\Users\Cesar\Desktop\ProyectoLaravel\biblioteca\proyectoBiblioteca\vendor\laravel\framework\src\Illuminate\Encryption\EncryptionServiceProvider.php(25): Illuminate\Encryption\EncryptionServiceProvider->getEncrypterForKeyAndCipher(NULL, 'AES-256-CBC')
#1 C:\Users\Cesar\Desktop\ProyectoLaravel\biblioteca\proyectoBiblioteca\vendor\laravel\framework\src\Illuminate\Container\Container.php(735): Illuminate\Encryption\EncryptionServiceProvider->Illuminate\Encryption\{closure}(Object(Illuminate\Foundation\Application), Array)
#2 C:\Users\Cesar\Desktop\ProyectoLaravel\biblioteca\proyectoBiblioteca\vendor\laravel\framework\src\Illuminate\Container\Container.php(633): Illuminate\Container\Container->build(Object(Closure), Array)
#3 C:\Users\Cesar\Desktop\ProyectoLaravel\biblioteca\proyectoBiblioteca\vendor\laravel\framework\src\Illuminate\Foundation\Application.php(697): Illuminate\Container\Container->make('encrypter', Array)
#4 C:\Users\Cesar\Desktop\ProyectoLaravel\biblioteca\proyectoBiblioteca\vendor\laravel\framework\src\Illuminate\Container\Container.php(853): Illuminate\Foundation\Application->make('Illuminate\\Cont...')
#5 C:\Users\Cesar\Desktop\ProyectoLaravel\biblioteca\proyectoBiblioteca\vendor\laravel\framework\src\Illuminate\Container\Container.php(808): Illuminate\Container\Container->resolveClass(Object(ReflectionParameter))
#6 C:\Users\Cesar\Desktop\ProyectoLaravel\biblioteca\proyectoBiblioteca\vendor\laravel\framework\src\Illuminate\Container\Container.php(779): Illuminate\Container\Container->getDependencies(Array, Array)
#7 C:\Users\Cesar\Desktop\ProyectoLaravel\biblioteca\proyectoBiblioteca\vendor\laravel\framework\src\Illuminate\Container\Container.php(633): Illuminate\Container\Container->build('gestorBibliotec...', Array)
#8 C:\Users\Cesar\Desktop\ProyectoLaravel\biblioteca\proyectoBiblioteca\vendor\laravel\framework\src\Illuminate\Foundation\Application.php(697): Illuminate\Container\Container->make('gestorBibliotec...', Array)
#9 C:\Users\Cesar\Desktop\ProyectoLaravel\biblioteca\proyectoBiblioteca\vendor\laravel\framework\src\Illuminate\Foundation\Http\Kernel.php(152): Illuminate\Foundation\Application->make('gestorBibliotec...')
#10 C:\Users\Cesar\Desktop\ProyectoLaravel\biblioteca\proyectoBiblioteca\public\index.php(58): Illuminate\Foundation\Http\Kernel->terminate(Object(Illuminate\Http\Request), Object(Illuminate\Http\Response))
#11 C:\Users\Cesar\Desktop\ProyectoLaravel\biblioteca\proyectoBiblioteca\server.php(21): require_once('C:\\Users\\Cesar\\...')
#12 {main}  
[2016-04-30 21:08:34] production.ERROR: exception 'RuntimeException' with message 'No supported encrypter found. The cipher and / or key length are invalid.' in C:\Users\Cesar\Desktop\ProyectoLaravel\biblioteca\proyectoBiblioteca\vendor\laravel\framework\src\Illuminate\Encryption\EncryptionServiceProvider.php:45
Stack trace:
#0 C:\Users\Cesar\Desktop\ProyectoLaravel\biblioteca\proyectoBiblioteca\vendor\laravel\framework\src\Illuminate\Encryption\EncryptionServiceProvider.php(25): Illuminate\Encryption\EncryptionServiceProvider->getEncrypterForKeyAndCipher(NULL, 'AES-256-CBC')
#1 C:\Users\Cesar\Desktop\ProyectoLaravel\biblioteca\proyectoBiblioteca\vendor\laravel\framework\src\Illuminate\Container\Container.php(735): Illuminate\Encryption\EncryptionServiceProvider->Illuminate\Encryption\{closure}(Object(Illuminate\Foundation\Application), Array)
#2 C:\Users\Cesar\Desktop\ProyectoLaravel\biblioteca\proyectoBiblioteca\vendor\laravel\framework\src\Illuminate\Container\Container.php(633): Illuminate\Container\Container->build(Object(Closure), Array)
#3 C:\Users\Cesar\Desktop\ProyectoLaravel\biblioteca\proyectoBiblioteca\vendor\laravel\framework\src\Illuminate\Foundation\Application.php(697): Illuminate\Container\Container->make('encrypter', Array)
#4 C:\Users\Cesar\Desktop\ProyectoLaravel\biblioteca\proyectoBiblioteca\vendor\laravel\framework\src\Illuminate\Container\Container.php(853): Illuminate\Foundation\Application->make('Illuminate\\Cont...')
#5 C:\Users\Cesar\Desktop\ProyectoLaravel\biblioteca\proyectoBiblioteca\vendor\laravel\framework\src\Illuminate\Container\Container.php(808): Illuminate\Container\Container->resolveClass(Object(ReflectionParameter))
#6 C:\Users\Cesar\Desktop\ProyectoLaravel\biblioteca\proyectoBiblioteca\vendor\laravel\framework\src\Illuminate\Container\Container.php(779): Illuminate\Container\Container->getDependencies(Array, Array)
#7 C:\Users\Cesar\Desktop\ProyectoLaravel\biblioteca\proyectoBiblioteca\vendor\laravel\framework\src\Illuminate\Container\Container.php(633): Illuminate\Container\Container->build('gestorBibliotec...', Array)
#8 C:\Users\Cesar\Desktop\ProyectoLaravel\biblioteca\proyectoBiblioteca\vendor\laravel\framework\src\Illuminate\Foundation\Application.php(697): Illuminate\Container\Container->make('gestorBibliotec...', Array)
#9 C:\Users\Cesar\Desktop\ProyectoLaravel\biblioteca\proyectoBiblioteca\vendor\laravel\framework\src\Illuminate\Pipeline\Pipeline.php(126): Illuminate\Foundation\Application->make('gestorBibliotec...')
#10 [internal function]: Illuminate\Pipeline\Pipeline->Illuminate\Pipeline\{closure}(Object(Illuminate\Http\Request))
#11 C:\Users\Cesar\Desktop\ProyectoLaravel\biblioteca\proyectoBiblioteca\vendor\laravel\framework\src\Illuminate\Routing\Pipeline.php(32): call_user_func(Object(Closure), Object(Illuminate\Http\Request))
#12 [internal function]: Illuminate\Routing\Pipeline->Illuminate\Routing\{closure}(Object(Illuminate\Http\Request))
#13 C:\Users\Cesar\Desktop\ProyectoLaravel\biblioteca\proyectoBiblioteca\vendor\laravel\framework\src\Illuminate\Pipeline\Pipeline.php(103): call_user_func(Object(Closure), Object(Illuminate\Http\Request))
#14 C:\Users\Cesar\Desktop\ProyectoLaravel\biblioteca\proyectoBiblioteca\vendor\laravel\framework\src\Illuminate\Routing\Router.php(726): Illuminate\Pipeline\Pipeline->then(Object(Closure))
#15 C:\Users\Cesar\Desktop\ProyectoLaravel\biblioteca\proyectoBiblioteca\vendor\laravel\framework\src\Illuminate\Routing\Router.php(699): Illuminate\Routing\Router->runRouteWithinStack(Object(Illuminate\Routing\Route), Object(Illuminate\Http\Request))
#16 C:\Users\Cesar\Desktop\ProyectoLaravel\biblioteca\proyectoBiblioteca\vendor\laravel\framework\src\Illuminate\Routing\Router.php(675): Illuminate\Routing\Router->dispatchToRoute(Object(Illuminate\Http\Request))
#17 C:\Users\Cesar\Desktop\ProyectoLaravel\biblioteca\proyectoBiblioteca\vendor\laravel\framework\src\Illuminate\Foundation\Http\Kernel.php(246): Illuminate\Routing\Router->dispatch(Object(Illuminate\Http\Request))
#18 [internal function]: Illuminate\Foundation\Http\Kernel->Illuminate\Foundation\Http\{closure}(Object(Illuminate\Http\Request))
#19 C:\Users\Cesar\Desktop\ProyectoLaravel\biblioteca\proyectoBiblioteca\vendor\laravel\framework\src\Illuminate\Routing\Pipeline.php(52): call_user_func(Object(Closure), Object(Illuminate\Http\Request))
#20 C:\Users\Cesar\Desktop\ProyectoLaravel\biblioteca\proyectoBiblioteca\vendor\laravel\framework\src\Illuminate\Foundation\Http\Middleware\CheckForMaintenanceMode.php(44): Illuminate\Routing\Pipeline->Illuminate\Routing\{closure}(Object(Illuminate\Http\Request))
#21 [internal function]: Illuminate\Foundation\Http\Middleware\CheckForMaintenanceMode->handle(Object(Illuminate\Http\Request), Object(Closure))
#22 C:\Users\Cesar\Desktop\ProyectoLaravel\biblioteca\proyectoBiblioteca\vendor\laravel\framework\src\Illuminate\Pipeline\Pipeline.php(136): call_user_func_array(Array, Array)
#23 [internal function]: Illuminate\Pipeline\Pipeline->Illuminate\Pipeline\{closure}(Object(Illuminate\Http\Request))
#24 C:\Users\Cesar\Desktop\ProyectoLaravel\biblioteca\proyectoBiblioteca\vendor\laravel\framework\src\Illuminate\Routing\Pipeline.php(32): call_user_func(Object(Closure), Object(Illuminate\Http\Request))
#25 [internal function]: Illuminate\Routing\Pipeline->Illuminate\Routing\{closure}(Object(Illuminate\Http\Request))
#26 C:\Users\Cesar\Desktop\ProyectoLaravel\biblioteca\proyectoBiblioteca\vendor\laravel\framework\src\Illuminate\Pipeline\Pipeline.php(103): call_user_func(Object(Closure), Object(Illuminate\Http\Request))
#27 C:\Users\Cesar\Desktop\ProyectoLaravel\biblioteca\proyectoBiblioteca\vendor\laravel\framework\src\Illuminate\Foundation\Http\Kernel.php(132): Illuminate\Pipeline\Pipeline->then(Object(Closure))
#28 C:\Users\Cesar\Desktop\ProyectoLaravel\biblioteca\proyectoBiblioteca\vendor\laravel\framework\src\Illuminate\Foundation\Http\Kernel.php(99): Illuminate\Foundation\Http\Kernel->sendRequestThroughRouter(Object(Illuminate\Http\Request))
#29 C:\Users\Cesar\Desktop\ProyectoLaravel\biblioteca\proyectoBiblioteca\public\index.php(54): Illuminate\Foundation\Http\Kernel->handle(Object(Illuminate\Http\Request))
#30 C:\Users\Cesar\Desktop\ProyectoLaravel\biblioteca\proyectoBiblioteca\server.php(21): require_once('C:\\Users\\Cesar\\...')
#31 {main}  
[2016-04-30 21:08:34] production.ERROR: exception 'RuntimeException' with message 'No supported encrypter found. The cipher and / or key length are invalid.' in C:\Users\Cesar\Desktop\ProyectoLaravel\biblioteca\proyectoBiblioteca\vendor\laravel\framework\src\Illuminate\Encryption\EncryptionServiceProvider.php:45
Stack trace:
#0 C:\Users\Cesar\Desktop\ProyectoLaravel\biblioteca\proyectoBiblioteca\vendor\laravel\framework\src\Illuminate\Encryption\EncryptionServiceProvider.php(25): Illuminate\Encryption\EncryptionServiceProvider->getEncrypterForKeyAndCipher(NULL, 'AES-256-CBC')
#1 C:\Users\Cesar\Desktop\ProyectoLaravel\biblioteca\proyectoBiblioteca\vendor\laravel\framework\src\Illuminate\Container\Container.php(735): Illuminate\Encryption\EncryptionServiceProvider->Illuminate\Encryption\{closure}(Object(Illuminate\Foundation\Application), Array)
#2 C:\Users\Cesar\Desktop\ProyectoLaravel\biblioteca\proyectoBiblioteca\vendor\laravel\framework\src\Illuminate\Container\Container.php(633): Illuminate\Container\Container->build(Object(Closure), Array)
#3 C:\Users\Cesar\Desktop\ProyectoLaravel\biblioteca\proyectoBiblioteca\vendor\laravel\framework\src\Illuminate\Foundation\Application.php(697): Illuminate\Container\Container->make('encrypter', Array)
#4 C:\Users\Cesar\Desktop\ProyectoLaravel\biblioteca\proyectoBiblioteca\vendor\laravel\framework\src\Illuminate\Container\Container.php(853): Illuminate\Foundation\Application->make('Illuminate\\Cont...')
#5 C:\Users\Cesar\Desktop\ProyectoLaravel\biblioteca\proyectoBiblioteca\vendor\laravel\framework\src\Illuminate\Container\Container.php(808): Illuminate\Container\Container->resolveClass(Object(ReflectionParameter))
#6 C:\Users\Cesar\Desktop\ProyectoLaravel\biblioteca\proyectoBiblioteca\vendor\laravel\framework\src\Illuminate\Container\Container.php(779): Illuminate\Container\Container->getDependencies(Array, Array)
#7 C:\Users\Cesar\Desktop\ProyectoLaravel\biblioteca\proyectoBiblioteca\vendor\laravel\framework\src\Illuminate\Container\Container.php(633): Illuminate\Container\Container->build('gestorBibliotec...', Array)
#8 C:\Users\Cesar\Desktop\ProyectoLaravel\biblioteca\proyectoBiblioteca\vendor\laravel\framework\src\Illuminate\Foundation\Application.php(697): Illuminate\Container\Container->make('gestorBibliotec...', Array)
#9 C:\Users\Cesar\Desktop\ProyectoLaravel\biblioteca\proyectoBiblioteca\vendor\laravel\framework\src\Illuminate\Foundation\Http\Kernel.php(152): Illuminate\Foundation\Application->make('gestorBibliotec...')
#10 C:\Users\Cesar\Desktop\ProyectoLaravel\biblioteca\proyectoBiblioteca\public\index.php(58): Illuminate\Foundation\Http\Kernel->terminate(Object(Illuminate\Http\Request), Object(Illuminate\Http\Response))
#11 C:\Users\Cesar\Desktop\ProyectoLaravel\biblioteca\proyectoBiblioteca\server.php(21): require_once('C:\\Users\\Cesar\\...')
#12 {main}  
